1731237180190|1|statement|connection 76|url jdbc:h2:mem:1871842b-1453-49b3-b771-9744c3f40d71|     drop table if exists company cascade |     drop table if exists company cascade 
1731237180193|0|statement|connection 76|url jdbc:h2:mem:1871842b-1453-49b3-b771-9744c3f40d71|     drop table if exists company_post cascade |     drop table if exists company_post cascade 
1731237180195|0|statement|connection 76|url jdbc:h2:mem:1871842b-1453-49b3-b771-9744c3f40d71|     drop table if exists file cascade |     drop table if exists file cascade 
1731237180195|0|statement|connection 76|url jdbc:h2:mem:1871842b-1453-49b3-b771-9744c3f40d71|     drop table if exists pending_company cascade |     drop table if exists pending_company cascade 
1731237180198|0|statement|connection 76|url jdbc:h2:mem:1871842b-1453-49b3-b771-9744c3f40d71|     drop table if exists refresh cascade |     drop table if exists refresh cascade 
1731237180199|0|statement|connection 76|url jdbc:h2:mem:1871842b-1453-49b3-b771-9744c3f40d71|     drop table if exists reservation cascade |     drop table if exists reservation cascade 
1731237180200|0|statement|connection 76|url jdbc:h2:mem:1871842b-1453-49b3-b771-9744c3f40d71|     drop table if exists review cascade |     drop table if exists review cascade 
1731237180200|0|statement|connection 76|url jdbc:h2:mem:1871842b-1453-49b3-b771-9744c3f40d71|     drop table if exists study_room cascade |     drop table if exists study_room cascade 
1731237180201|0|statement|connection 76|url jdbc:h2:mem:1871842b-1453-49b3-b771-9744c3f40d71|     drop table if exists study_room_post cascade |     drop table if exists study_room_post cascade 
1731237180202|0|statement|connection 76|url jdbc:h2:mem:1871842b-1453-49b3-b771-9744c3f40d71|     drop table if exists users cascade |     drop table if exists users cascade 
1731237180207|0|statement|connection 77|url jdbc:h2:mem:test|     drop table if exists company cascade |     drop table if exists company cascade 
1731237180208|0|statement|connection 77|url jdbc:h2:mem:test|     drop table if exists company_post cascade |     drop table if exists company_post cascade 
1731237180208|0|statement|connection 77|url jdbc:h2:mem:test|     drop table if exists file cascade |     drop table if exists file cascade 
1731237180208|0|statement|connection 77|url jdbc:h2:mem:test|     drop table if exists pending_company cascade |     drop table if exists pending_company cascade 
1731237180208|0|statement|connection 77|url jdbc:h2:mem:test|     drop table if exists refresh cascade |     drop table if exists refresh cascade 
1731237180208|0|statement|connection 77|url jdbc:h2:mem:test|     drop table if exists reservation cascade |     drop table if exists reservation cascade 
1731237180209|0|statement|connection 77|url jdbc:h2:mem:test|     drop table if exists review cascade |     drop table if exists review cascade 
1731237180209|0|statement|connection 77|url jdbc:h2:mem:test|     drop table if exists study_room cascade |     drop table if exists study_room cascade 
1731237180210|0|statement|connection 77|url jdbc:h2:mem:test|     drop table if exists study_room_post cascade |     drop table if exists study_room_post cascade 
1731237180211|0|statement|connection 77|url jdbc:h2:mem:test|     drop table if exists users cascade |     drop table if exists users cascade 
1731240820299|0|statement|connection 79|url jdbc:h2:mem:0b3c4437-ee2e-4b66-9abc-1016ce19c960|     drop table if exists company cascade |     drop table if exists company cascade 
1731240820303|0|statement|connection 79|url jdbc:h2:mem:0b3c4437-ee2e-4b66-9abc-1016ce19c960|     drop table if exists company_post cascade |     drop table if exists company_post cascade 
1731240820304|0|statement|connection 79|url jdbc:h2:mem:0b3c4437-ee2e-4b66-9abc-1016ce19c960|     drop table if exists file cascade |     drop table if exists file cascade 
1731240820306|1|statement|connection 79|url jdbc:h2:mem:0b3c4437-ee2e-4b66-9abc-1016ce19c960|     drop table if exists pending_company cascade |     drop table if exists pending_company cascade 
1731240820312|0|statement|connection 79|url jdbc:h2:mem:0b3c4437-ee2e-4b66-9abc-1016ce19c960|     drop table if exists refresh cascade |     drop table if exists refresh cascade 
1731240820313|0|statement|connection 79|url jdbc:h2:mem:0b3c4437-ee2e-4b66-9abc-1016ce19c960|     drop table if exists reservation cascade |     drop table if exists reservation cascade 
1731240820314|0|statement|connection 79|url jdbc:h2:mem:0b3c4437-ee2e-4b66-9abc-1016ce19c960|     drop table if exists review cascade |     drop table if exists review cascade 
1731240820314|0|statement|connection 79|url jdbc:h2:mem:0b3c4437-ee2e-4b66-9abc-1016ce19c960|     drop table if exists study_room cascade |     drop table if exists study_room cascade 
1731240820315|0|statement|connection 79|url jdbc:h2:mem:0b3c4437-ee2e-4b66-9abc-1016ce19c960|     drop table if exists study_room_post cascade |     drop table if exists study_room_post cascade 
1731240820317|0|statement|connection 79|url jdbc:h2:mem:0b3c4437-ee2e-4b66-9abc-1016ce19c960|     drop table if exists users cascade |     drop table if exists users cascade 
1731240820327|0|statement|connection 80|url jdbc:h2:mem:test|     drop table if exists company cascade |     drop table if exists company cascade 
1731240820328|0|statement|connection 80|url jdbc:h2:mem:test|     drop table if exists company_post cascade |     drop table if exists company_post cascade 
1731240820329|0|statement|connection 80|url jdbc:h2:mem:test|     drop table if exists file cascade |     drop table if exists file cascade 
1731240820329|0|statement|connection 80|url jdbc:h2:mem:test|     drop table if exists pending_company cascade |     drop table if exists pending_company cascade 
1731240820329|0|statement|connection 80|url jdbc:h2:mem:test|     drop table if exists refresh cascade |     drop table if exists refresh cascade 
1731240820330|0|statement|connection 80|url jdbc:h2:mem:test|     drop table if exists reservation cascade |     drop table if exists reservation cascade 
1731240820330|0|statement|connection 80|url jdbc:h2:mem:test|     drop table if exists review cascade |     drop table if exists review cascade 
1731240820330|0|statement|connection 80|url jdbc:h2:mem:test|     drop table if exists study_room cascade |     drop table if exists study_room cascade 
1731240820330|0|statement|connection 80|url jdbc:h2:mem:test|     drop table if exists study_room_post cascade |     drop table if exists study_room_post cascade 
1731240820330|0|statement|connection 80|url jdbc:h2:mem:test|     drop table if exists users cascade |     drop table if exists users cascade 
1731252556072|1|statement|connection 95|url jdbc:h2:mem:a80b437d-7617-4b3f-a10a-d8134f0ee7f3|     drop table if exists company cascade |     drop table if exists company cascade 
1731252556075|1|statement|connection 95|url jdbc:h2:mem:a80b437d-7617-4b3f-a10a-d8134f0ee7f3|     drop table if exists company_post cascade |     drop table if exists company_post cascade 
1731252556077|0|statement|connection 95|url jdbc:h2:mem:a80b437d-7617-4b3f-a10a-d8134f0ee7f3|     drop table if exists file cascade |     drop table if exists file cascade 
1731252556078|0|statement|connection 95|url jdbc:h2:mem:a80b437d-7617-4b3f-a10a-d8134f0ee7f3|     drop table if exists pending_company cascade |     drop table if exists pending_company cascade 
1731252556079|0|statement|connection 95|url jdbc:h2:mem:a80b437d-7617-4b3f-a10a-d8134f0ee7f3|     drop table if exists refresh cascade |     drop table if exists refresh cascade 
1731252556080|0|statement|connection 95|url jdbc:h2:mem:a80b437d-7617-4b3f-a10a-d8134f0ee7f3|     drop table if exists reservation cascade |     drop table if exists reservation cascade 
1731252556081|0|statement|connection 95|url jdbc:h2:mem:a80b437d-7617-4b3f-a10a-d8134f0ee7f3|     drop table if exists review cascade |     drop table if exists review cascade 
1731252556082|0|statement|connection 95|url jdbc:h2:mem:a80b437d-7617-4b3f-a10a-d8134f0ee7f3|     drop table if exists study_room cascade |     drop table if exists study_room cascade 
1731252556083|0|statement|connection 95|url jdbc:h2:mem:a80b437d-7617-4b3f-a10a-d8134f0ee7f3|     drop table if exists study_room_post cascade |     drop table if exists study_room_post cascade 
1731252556084|0|statement|connection 95|url jdbc:h2:mem:a80b437d-7617-4b3f-a10a-d8134f0ee7f3|     drop table if exists users cascade |     drop table if exists users cascade 
1731252556092|0|statement|connection 96|url jdbc:h2:mem:test|     drop table if exists company cascade |     drop table if exists company cascade 
1731252556094|0|statement|connection 96|url jdbc:h2:mem:test|     drop table if exists company_post cascade |     drop table if exists company_post cascade 
1731252556094|0|statement|connection 96|url jdbc:h2:mem:test|     drop table if exists file cascade |     drop table if exists file cascade 
1731252556095|0|statement|connection 96|url jdbc:h2:mem:test|     drop table if exists pending_company cascade |     drop table if exists pending_company cascade 
1731252556096|0|statement|connection 96|url jdbc:h2:mem:test|     drop table if exists refresh cascade |     drop table if exists refresh cascade 
1731252556097|0|statement|connection 96|url jdbc:h2:mem:test|     drop table if exists reservation cascade |     drop table if exists reservation cascade 
1731252556098|0|statement|connection 96|url jdbc:h2:mem:test|     drop table if exists review cascade |     drop table if exists review cascade 
1731252556099|0|statement|connection 96|url jdbc:h2:mem:test|     drop table if exists study_room cascade |     drop table if exists study_room cascade 
1731252556099|0|statement|connection 96|url jdbc:h2:mem:test|     drop table if exists study_room_post cascade |     drop table if exists study_room_post cascade 
1731252556100|0|statement|connection 96|url jdbc:h2:mem:test|     drop table if exists users cascade |     drop table if exists users cascade 
1731253823051|0|statement|connection 99|url jdbc:h2:mem:54792595-fd67-4c93-b150-a26e6fd3d6c9|     drop table if exists company cascade |     drop table if exists company cascade 
1731253823053|0|statement|connection 99|url jdbc:h2:mem:54792595-fd67-4c93-b150-a26e6fd3d6c9|     drop table if exists company_post cascade |     drop table if exists company_post cascade 
1731253823053|0|statement|connection 99|url jdbc:h2:mem:54792595-fd67-4c93-b150-a26e6fd3d6c9|     drop table if exists file cascade |     drop table if exists file cascade 
1731253823054|0|statement|connection 99|url jdbc:h2:mem:54792595-fd67-4c93-b150-a26e6fd3d6c9|     drop table if exists pending_company cascade |     drop table if exists pending_company cascade 
1731253823054|0|statement|connection 99|url jdbc:h2:mem:54792595-fd67-4c93-b150-a26e6fd3d6c9|     drop table if exists refresh cascade |     drop table if exists refresh cascade 
1731253823055|0|statement|connection 99|url jdbc:h2:mem:54792595-fd67-4c93-b150-a26e6fd3d6c9|     drop table if exists reservation cascade |     drop table if exists reservation cascade 
1731253823055|0|statement|connection 99|url jdbc:h2:mem:54792595-fd67-4c93-b150-a26e6fd3d6c9|     drop table if exists review cascade |     drop table if exists review cascade 
1731253823056|0|statement|connection 99|url jdbc:h2:mem:54792595-fd67-4c93-b150-a26e6fd3d6c9|     drop table if exists study_room cascade |     drop table if exists study_room cascade 
1731253823056|0|statement|connection 99|url jdbc:h2:mem:54792595-fd67-4c93-b150-a26e6fd3d6c9|     drop table if exists study_room_post cascade |     drop table if exists study_room_post cascade 
1731253823057|0|statement|connection 99|url jdbc:h2:mem:54792595-fd67-4c93-b150-a26e6fd3d6c9|     drop table if exists users cascade |     drop table if exists users cascade 
1731253823064|0|statement|connection 100|url jdbc:h2:mem:test|     drop table if exists company cascade |     drop table if exists company cascade 
1731253823065|0|statement|connection 100|url jdbc:h2:mem:test|     drop table if exists company_post cascade |     drop table if exists company_post cascade 
1731253823065|0|statement|connection 100|url jdbc:h2:mem:test|     drop table if exists file cascade |     drop table if exists file cascade 
1731253823065|0|statement|connection 100|url jdbc:h2:mem:test|     drop table if exists pending_company cascade |     drop table if exists pending_company cascade 
1731253823065|0|statement|connection 100|url jdbc:h2:mem:test|     drop table if exists refresh cascade |     drop table if exists refresh cascade 
1731253823065|0|statement|connection 100|url jdbc:h2:mem:test|     drop table if exists reservation cascade |     drop table if exists reservation cascade 
1731253823066|0|statement|connection 100|url jdbc:h2:mem:test|     drop table if exists review cascade |     drop table if exists review cascade 
1731253823066|0|statement|connection 100|url jdbc:h2:mem:test|     drop table if exists study_room cascade |     drop table if exists study_room cascade 
1731253823066|0|statement|connection 100|url jdbc:h2:mem:test|     drop table if exists study_room_post cascade |     drop table if exists study_room_post cascade 
1731253823066|0|statement|connection 100|url jdbc:h2:mem:test|     drop table if exists users cascade |     drop table if exists users cascade 
1731297365502|0|statement|connection 105|url jdbc:h2:mem:8e2a411b-919d-4e7a-bf80-6388a948df96|     drop table if exists company cascade |     drop table if exists company cascade 
1731297365527|0|statement|connection 105|url jdbc:h2:mem:8e2a411b-919d-4e7a-bf80-6388a948df96|     drop table if exists company_post cascade |     drop table if exists company_post cascade 
1731297365529|0|statement|connection 105|url jdbc:h2:mem:8e2a411b-919d-4e7a-bf80-6388a948df96|     drop table if exists file cascade |     drop table if exists file cascade 
1731297365530|0|statement|connection 105|url jdbc:h2:mem:8e2a411b-919d-4e7a-bf80-6388a948df96|     drop table if exists pending_company cascade |     drop table if exists pending_company cascade 
1731297365530|0|statement|connection 105|url jdbc:h2:mem:8e2a411b-919d-4e7a-bf80-6388a948df96|     drop table if exists refresh cascade |     drop table if exists refresh cascade 
1731297365531|0|statement|connection 105|url jdbc:h2:mem:8e2a411b-919d-4e7a-bf80-6388a948df96|     drop table if exists reservation cascade |     drop table if exists reservation cascade 
1731297365532|0|statement|connection 105|url jdbc:h2:mem:8e2a411b-919d-4e7a-bf80-6388a948df96|     drop table if exists review cascade |     drop table if exists review cascade 
1731297365533|0|statement|connection 105|url jdbc:h2:mem:8e2a411b-919d-4e7a-bf80-6388a948df96|     drop table if exists study_room cascade |     drop table if exists study_room cascade 
1731297365534|0|statement|connection 105|url jdbc:h2:mem:8e2a411b-919d-4e7a-bf80-6388a948df96|     drop table if exists study_room_post cascade |     drop table if exists study_room_post cascade 
1731297365535|0|statement|connection 105|url jdbc:h2:mem:8e2a411b-919d-4e7a-bf80-6388a948df96|     drop table if exists users cascade |     drop table if exists users cascade 
1731297365543|0|statement|connection 106|url jdbc:h2:mem:test|     drop table if exists company cascade |     drop table if exists company cascade 
1731297365544|0|statement|connection 106|url jdbc:h2:mem:test|     drop table if exists company_post cascade |     drop table if exists company_post cascade 
1731297365544|0|statement|connection 106|url jdbc:h2:mem:test|     drop table if exists file cascade |     drop table if exists file cascade 
1731297365544|0|statement|connection 106|url jdbc:h2:mem:test|     drop table if exists pending_company cascade |     drop table if exists pending_company cascade 
1731297365544|0|statement|connection 106|url jdbc:h2:mem:test|     drop table if exists refresh cascade |     drop table if exists refresh cascade 
1731297365544|0|statement|connection 106|url jdbc:h2:mem:test|     drop table if exists reservation cascade |     drop table if exists reservation cascade 
1731297365545|0|statement|connection 106|url jdbc:h2:mem:test|     drop table if exists review cascade |     drop table if exists review cascade 
1731297365545|0|statement|connection 106|url jdbc:h2:mem:test|     drop table if exists study_room cascade |     drop table if exists study_room cascade 
1731297365545|0|statement|connection 106|url jdbc:h2:mem:test|     drop table if exists study_room_post cascade |     drop table if exists study_room_post cascade 
1731297365545|0|statement|connection 106|url jdbc:h2:mem:test|     drop table if exists users cascade |     drop table if exists users cascade 
1731301565117|0|statement|connection 112|url jdbc:h2:mem:60bbc5a7-ef59-4f9c-bfcb-2daf980f045c|     drop table if exists company cascade |     drop table if exists company cascade 
1731301565119|0|statement|connection 112|url jdbc:h2:mem:60bbc5a7-ef59-4f9c-bfcb-2daf980f045c|     drop table if exists company_post cascade |     drop table if exists company_post cascade 
1731301565121|0|statement|connection 112|url jdbc:h2:mem:60bbc5a7-ef59-4f9c-bfcb-2daf980f045c|     drop table if exists file cascade |     drop table if exists file cascade 
1731301565122|0|statement|connection 112|url jdbc:h2:mem:60bbc5a7-ef59-4f9c-bfcb-2daf980f045c|     drop table if exists pending_company cascade |     drop table if exists pending_company cascade 
1731301565123|0|statement|connection 112|url jdbc:h2:mem:60bbc5a7-ef59-4f9c-bfcb-2daf980f045c|     drop table if exists refresh cascade |     drop table if exists refresh cascade 
1731301565123|0|statement|connection 112|url jdbc:h2:mem:60bbc5a7-ef59-4f9c-bfcb-2daf980f045c|     drop table if exists reservation cascade |     drop table if exists reservation cascade 
1731301565123|0|statement|connection 112|url jdbc:h2:mem:60bbc5a7-ef59-4f9c-bfcb-2daf980f045c|     drop table if exists review cascade |     drop table if exists review cascade 
1731301565124|0|statement|connection 112|url jdbc:h2:mem:60bbc5a7-ef59-4f9c-bfcb-2daf980f045c|     drop table if exists study_room cascade |     drop table if exists study_room cascade 
1731301565124|0|statement|connection 112|url jdbc:h2:mem:60bbc5a7-ef59-4f9c-bfcb-2daf980f045c|     drop table if exists study_room_post cascade |     drop table if exists study_room_post cascade 
1731301565125|0|statement|connection 112|url jdbc:h2:mem:60bbc5a7-ef59-4f9c-bfcb-2daf980f045c|     drop table if exists users cascade |     drop table if exists users cascade 
1731301565133|0|statement|connection 113|url jdbc:h2:mem:test|     drop table if exists company cascade |     drop table if exists company cascade 
1731301565134|0|statement|connection 113|url jdbc:h2:mem:test|     drop table if exists company_post cascade |     drop table if exists company_post cascade 
1731301565134|0|statement|connection 113|url jdbc:h2:mem:test|     drop table if exists file cascade |     drop table if exists file cascade 
1731301565135|0|statement|connection 113|url jdbc:h2:mem:test|     drop table if exists pending_company cascade |     drop table if exists pending_company cascade 
1731301565135|0|statement|connection 113|url jdbc:h2:mem:test|     drop table if exists refresh cascade |     drop table if exists refresh cascade 
1731301565135|0|statement|connection 113|url jdbc:h2:mem:test|     drop table if exists reservation cascade |     drop table if exists reservation cascade 
1731301565135|0|statement|connection 113|url jdbc:h2:mem:test|     drop table if exists review cascade |     drop table if exists review cascade 
1731301565136|0|statement|connection 113|url jdbc:h2:mem:test|     drop table if exists study_room cascade |     drop table if exists study_room cascade 
1731301565136|0|statement|connection 113|url jdbc:h2:mem:test|     drop table if exists study_room_post cascade |     drop table if exists study_room_post cascade 
1731301565136|0|statement|connection 113|url jdbc:h2:mem:test|     drop table if exists users cascade |     drop table if exists users cascade 
1731309194474|0|statement|connection 119|url jdbc:h2:mem:76445abe-2f92-4420-8a0a-f445f79ad5b0|     drop table if exists company cascade |     drop table if exists company cascade 
1731309194478|0|statement|connection 119|url jdbc:h2:mem:76445abe-2f92-4420-8a0a-f445f79ad5b0|     drop table if exists company_post cascade |     drop table if exists company_post cascade 
1731309194480|0|statement|connection 119|url jdbc:h2:mem:76445abe-2f92-4420-8a0a-f445f79ad5b0|     drop table if exists file cascade |     drop table if exists file cascade 
1731309194481|0|statement|connection 119|url jdbc:h2:mem:76445abe-2f92-4420-8a0a-f445f79ad5b0|     drop table if exists pending_company cascade |     drop table if exists pending_company cascade 
1731309194482|0|statement|connection 119|url jdbc:h2:mem:76445abe-2f92-4420-8a0a-f445f79ad5b0|     drop table if exists refresh cascade |     drop table if exists refresh cascade 
1731309194483|0|statement|connection 119|url jdbc:h2:mem:76445abe-2f92-4420-8a0a-f445f79ad5b0|     drop table if exists reservation cascade |     drop table if exists reservation cascade 
1731309194484|0|statement|connection 119|url jdbc:h2:mem:76445abe-2f92-4420-8a0a-f445f79ad5b0|     drop table if exists review cascade |     drop table if exists review cascade 
1731309194485|0|statement|connection 119|url jdbc:h2:mem:76445abe-2f92-4420-8a0a-f445f79ad5b0|     drop table if exists study_room cascade |     drop table if exists study_room cascade 
1731309194485|0|statement|connection 119|url jdbc:h2:mem:76445abe-2f92-4420-8a0a-f445f79ad5b0|     drop table if exists study_room_post cascade |     drop table if exists study_room_post cascade 
1731309194486|0|statement|connection 119|url jdbc:h2:mem:76445abe-2f92-4420-8a0a-f445f79ad5b0|     drop table if exists users cascade |     drop table if exists users cascade 
1731309194494|0|statement|connection 120|url jdbc:h2:mem:test|     drop table if exists company cascade |     drop table if exists company cascade 
1731309194496|0|statement|connection 120|url jdbc:h2:mem:test|     drop table if exists company_post cascade |     drop table if exists company_post cascade 
1731309194496|0|statement|connection 120|url jdbc:h2:mem:test|     drop table if exists file cascade |     drop table if exists file cascade 
1731309194496|0|statement|connection 120|url jdbc:h2:mem:test|     drop table if exists pending_company cascade |     drop table if exists pending_company cascade 
1731309194497|0|statement|connection 120|url jdbc:h2:mem:test|     drop table if exists refresh cascade |     drop table if exists refresh cascade 
1731309194497|0|statement|connection 120|url jdbc:h2:mem:test|     drop table if exists reservation cascade |     drop table if exists reservation cascade 
1731309194497|0|statement|connection 120|url jdbc:h2:mem:test|     drop table if exists review cascade |     drop table if exists review cascade 
1731309194498|0|statement|connection 120|url jdbc:h2:mem:test|     drop table if exists study_room cascade |     drop table if exists study_room cascade 
1731309194498|0|statement|connection 120|url jdbc:h2:mem:test|     drop table if exists study_room_post cascade |     drop table if exists study_room_post cascade 
1731309194498|0|statement|connection 120|url jdbc:h2:mem:test|     drop table if exists users cascade |     drop table if exists users cascade 
1731320583554|1|statement|connection 119|url jdbc:h2:mem:d995d7ed-3164-430b-ad0d-adda9526f869|     drop table if exists company cascade |     drop table if exists company cascade 
1731320583557|0|statement|connection 119|url jdbc:h2:mem:d995d7ed-3164-430b-ad0d-adda9526f869|     drop table if exists company_post cascade |     drop table if exists company_post cascade 
1731320583559|0|statement|connection 119|url jdbc:h2:mem:d995d7ed-3164-430b-ad0d-adda9526f869|     drop table if exists file cascade |     drop table if exists file cascade 
1731320583560|0|statement|connection 119|url jdbc:h2:mem:d995d7ed-3164-430b-ad0d-adda9526f869|     drop table if exists pending_company cascade |     drop table if exists pending_company cascade 
1731320583561|0|statement|connection 119|url jdbc:h2:mem:d995d7ed-3164-430b-ad0d-adda9526f869|     drop table if exists refresh cascade |     drop table if exists refresh cascade 
1731320583561|0|statement|connection 119|url jdbc:h2:mem:d995d7ed-3164-430b-ad0d-adda9526f869|     drop table if exists reservation cascade |     drop table if exists reservation cascade 
1731320583562|0|statement|connection 119|url jdbc:h2:mem:d995d7ed-3164-430b-ad0d-adda9526f869|     drop table if exists review cascade |     drop table if exists review cascade 
1731320583562|0|statement|connection 119|url jdbc:h2:mem:d995d7ed-3164-430b-ad0d-adda9526f869|     drop table if exists study_room cascade |     drop table if exists study_room cascade 
1731320583563|0|statement|connection 119|url jdbc:h2:mem:d995d7ed-3164-430b-ad0d-adda9526f869|     drop table if exists study_room_post cascade |     drop table if exists study_room_post cascade 
1731320583563|0|statement|connection 119|url jdbc:h2:mem:d995d7ed-3164-430b-ad0d-adda9526f869|     drop table if exists users cascade |     drop table if exists users cascade 
1731320583570|0|statement|connection 120|url jdbc:h2:mem:test|     drop table if exists company cascade |     drop table if exists company cascade 
1731320583572|0|statement|connection 120|url jdbc:h2:mem:test|     drop table if exists company_post cascade |     drop table if exists company_post cascade 
1731320583572|0|statement|connection 120|url jdbc:h2:mem:test|     drop table if exists file cascade |     drop table if exists file cascade 
1731320583572|0|statement|connection 120|url jdbc:h2:mem:test|     drop table if exists pending_company cascade |     drop table if exists pending_company cascade 
1731320583573|0|statement|connection 120|url jdbc:h2:mem:test|     drop table if exists refresh cascade |     drop table if exists refresh cascade 
1731320583573|0|statement|connection 120|url jdbc:h2:mem:test|     drop table if exists reservation cascade |     drop table if exists reservation cascade 
1731320583573|0|statement|connection 120|url jdbc:h2:mem:test|     drop table if exists review cascade |     drop table if exists review cascade 
1731320583573|0|statement|connection 120|url jdbc:h2:mem:test|     drop table if exists study_room cascade |     drop table if exists study_room cascade 
1731320583574|0|statement|connection 120|url jdbc:h2:mem:test|     drop table if exists study_room_post cascade |     drop table if exists study_room_post cascade 
1731320583574|0|statement|connection 120|url jdbc:h2:mem:test|     drop table if exists users cascade |     drop table if exists users cascade 
